<?xml version="1.0" encoding="UTF-8"?>
<!-- Generated by org.testng.reporters.JUnitReportReporter -->
<testsuite hostname="LAPTOP-4JOLI4JQ" name="com.flipkartproject.test.CustomerCreationPageTests" tests="4" failures="0" timestamp="21 Jun 2020 11:31:48 GMT" time="22.718" errors="0">
  <testcase name="clickOnContinueButtonTest" time="0.172" classname="com.flipkartproject.test.CustomerCreationPageTests"/>
  <testcase name="clickOnLoginButtonTest" time="4.112" classname="com.flipkartproject.test.CustomerCreationPageTests"/>
  <testcase name="clickAndEnterPasswordTest" time="2.551" classname="com.flipkartproject.test.CustomerCreationPageTests"/>
  <testcase name="enterMobileNumberTest" time="15.883" classname="com.flipkartproject.test.CustomerCreationPageTests"/>
</testsuite> <!-- com.flipkartproject.test.CustomerCreationPageTests -->
