<?xml version="1.0" encoding="UTF-8"?>
<!-- Generated by org.testng.reporters.JUnitReportReporter -->
<testsuite hostname="LAPTOP-4JOLI4JQ" name="com.flipkartproject.test.CustomerCreationPageTests" tests="2" failures="0" timestamp="18 Jun 2020 06:06:23 GMT" time="27.181" errors="0">
  <testcase name="clickOnContinueButtonTest" time="0.081" classname="com.flipkartproject.test.CustomerCreationPageTests"/>
  <testcase name="enterMobileNumberTest" time="27.100" classname="com.flipkartproject.test.CustomerCreationPageTests"/>
</testsuite> <!-- com.flipkartproject.test.CustomerCreationPageTests -->
